Context path with cryptographic materials exists
Server started in port 8000
Context path with cryptographic materials exists
Server started in port 8000
Context path with cryptographic materials exists
Server started in port 8000
Context path with cryptographic materials exists
Server started in port 8000
Context path with cryptographic materials exists
Server started in port 8000
Context path with cryptographic materials exists
Server started in port 8000
Context path with cryptographic materials exists
Server started in port 8000
Context path with cryptographic materials exists
Server started in port 8000
Context path with cryptographic materials exists
Server started in port 8000
Context path with cryptographic materials exists
Server started in port 8000
Context path with cryptographic materials exists
Server started in port 8000
Context path with cryptographic materials exists
Server started in port 8000
Context path with cryptographic materials exists
Server started in port 8000
Exre2ss
Context path with cryptographic materials exists
Server started in port 8000
Exress
abc []
Exre2ss
Context path with cryptographic materials exists
Server started in port 8000
